Started by user BOLLAPRAGADA NAGA RATNA KUMAR

Obtained Jenkinsfile from git https://github.com/ngratnakumar/aceest-fitness-cicd-pipeline.git
[Pipeline] Start of Pipeline
[Pipeline] node
Running on Jenkins
 in /var/jenkins_home/workspace/aceest-fitness-pipeline
[Pipeline] {
[Pipeline] stage
[Pipeline] { (Declarative: Checkout SCM)
[Pipeline] checkout
Selected Git installation does not exist. Using Default
The recommended git tool is: NONE
No credentials specified
 > git rev-parse --resolve-git-dir /var/jenkins_home/workspace/aceest-fitness-pipeline/.git # timeout=10
Fetching changes from the remote Git repository
 > git config remote.origin.url https://github.com/ngratnakumar/aceest-fitness-cicd-pipeline.git # timeout=10
Fetching upstream changes from https://github.com/ngratnakumar/aceest-fitness-cicd-pipeline.git
 > git --version # timeout=10
 > git --version # 'git version 2.47.3'
 > git fetch --tags --force --progress -- https://github.com/ngratnakumar/aceest-fitness-cicd-pipeline.git +refs/heads/*:refs/remotes/origin/* # timeout=10
 > git rev-parse refs/remotes/origin/main^{commit} # timeout=10
Checking out Revision 07bcc14aa4e73d21d4845944f508eb6c5ed0798a (refs/remotes/origin/main)
 > git config core.sparsecheckout # timeout=10
 > git checkout -f 07bcc14aa4e73d21d4845944f508eb6c5ed0798a # timeout=10
Commit message: "fixed tests for user login"
 > git rev-list --no-walk 07bcc14aa4e73d21d4845944f508eb6c5ed0798a # timeout=10
[Pipeline] }
[Pipeline] // stage
[Pipeline] withEnv
[Pipeline] {
[Pipeline] timestamps
[Pipeline] {
[Pipeline] stage
[Pipeline] { (Checkout)
[Pipeline] checkout
02:57:37  Selected Git installation does not exist. Using Default
02:57:37  The recommended git tool is: NONE
02:57:37  No credentials specified
02:57:37   > git rev-parse --resolve-git-dir /var/jenkins_home/workspace/aceest-fitness-pipeline/.git # timeout=10
02:57:37  Fetching changes from the remote Git repository
02:57:37   > git config remote.origin.url https://github.com/ngratnakumar/aceest-fitness-cicd-pipeline.git # timeout=10
02:57:37  Fetching upstream changes from https://github.com/ngratnakumar/aceest-fitness-cicd-pipeline.git
02:57:37   > git --version # timeout=10
02:57:37   > git --version # 'git version 2.47.3'
02:57:37   > git fetch --tags --force --progress -- https://github.com/ngratnakumar/aceest-fitness-cicd-pipeline.git +refs/heads/*:refs/remotes/origin/* # timeout=10
02:57:37   > git rev-parse refs/remotes/origin/main^{commit} # timeout=10
02:57:37  Checking out Revision 07bcc14aa4e73d21d4845944f508eb6c5ed0798a (refs/remotes/origin/main)
02:57:37   > git config core.sparsecheckout # timeout=10
02:57:37   > git checkout -f 07bcc14aa4e73d21d4845944f508eb6c5ed0798a # timeout=10
02:57:37  Commit message: "fixed tests for user login"
[Pipeline] }
[Pipeline] // stage
[Pipeline] stage
[Pipeline] { (Setup Virtual Environment)
[Pipeline] sh
02:57:38  + python3 -m venv venv
[Pipeline] sh
02:57:39  + . venv/bin/activate
02:57:39  + deactivate nondestructive
02:57:39  + [ -n  ]
02:57:39  + [ -n  ]
02:57:39  + hash -r
02:57:39  + [ -n  ]
02:57:39  + unset VIRTUAL_ENV
02:57:39  + unset VIRTUAL_ENV_PROMPT
02:57:39  + [ ! nondestructive = nondestructive ]
02:57:39  + uname
02:57:39  + export VIRTUAL_ENV=/var/jenkins_home/workspace/aceest-fitness-pipeline/venv
02:57:39  + _OLD_VIRTUAL_PATH=/opt/java/openjdk/bin:/usr/local/sbin:/usr/local/bin:/usr/sbin:/usr/bin:/sbin:/bin
02:57:39  + PATH=/var/jenkins_home/workspace/aceest-fitness-pipeline/venv/bin:/opt/java/openjdk/bin:/usr/local/sbin:/usr/local/bin:/usr/sbin:/usr/bin:/sbin:/bin
02:57:39  + export PATH
02:57:39  + VIRTUAL_ENV_PROMPT=venv
02:57:39  + export VIRTUAL_ENV_PROMPT
02:57:39  + [ -n  ]
02:57:39  + [ -z  ]
02:57:39  + _OLD_VIRTUAL_PS1=$ 
02:57:39  + PS1=(venv) $ 
02:57:39  + export PS1
02:57:39  + hash -r
02:57:39  + python --version
02:57:39  Python 3.13.5
[Pipeline] }
[Pipeline] // stage
[Pipeline] stage
[Pipeline] { (Install Dependencies)
[Pipeline] sh
02:57:39  + . venv/bin/activate
02:57:39  + deactivate nondestructive
02:57:39  + [ -n  ]
02:57:39  + [ -n  ]
02:57:39  + hash -r
02:57:39  + [ -n  ]
02:57:39  + unset VIRTUAL_ENV
02:57:39  + unset VIRTUAL_ENV_PROMPT
02:57:39  + [ ! nondestructive = nondestructive ]
02:57:39  + uname
02:57:39  + export VIRTUAL_ENV=/var/jenkins_home/workspace/aceest-fitness-pipeline/venv
02:57:39  + _OLD_VIRTUAL_PATH=/opt/java/openjdk/bin:/usr/local/sbin:/usr/local/bin:/usr/sbin:/usr/bin:/sbin:/bin
02:57:39  + PATH=/var/jenkins_home/workspace/aceest-fitness-pipeline/venv/bin:/opt/java/openjdk/bin:/usr/local/sbin:/usr/local/bin:/usr/sbin:/usr/bin:/sbin:/bin
02:57:39  + export PATH
02:57:39  + VIRTUAL_ENV_PROMPT=venv
02:57:39  + export VIRTUAL_ENV_PROMPT
02:57:39  + [ -n  ]
02:57:39  + [ -z  ]
02:57:39  + _OLD_VIRTUAL_PS1=$ 
02:57:39  + PS1=(venv) $ 
02:57:39  + export PS1
02:57:39  + hash -r
02:57:39  + python -m pip install --upgrade pip setuptools wheel
02:57:39  Requirement already satisfied: pip in ./venv/lib/python3.13/site-packages (26.0.1)
02:57:40  Requirement already satisfied: setuptools in ./venv/lib/python3.13/site-packages (82.0.1)
02:57:40  Requirement already satisfied: wheel in ./venv/lib/python3.13/site-packages (0.46.3)
02:57:40  Requirement already satisfied: packaging>=24.0 in ./venv/lib/python3.13/site-packages (from wheel) (26.0)
[Pipeline] sh
02:57:40  + . venv/bin/activate
02:57:40  + deactivate nondestructive
02:57:40  + [ -n  ]
02:57:40  + [ -n  ]
02:57:40  + hash -r
02:57:40  + [ -n  ]
02:57:40  + unset VIRTUAL_ENV
02:57:40  + unset VIRTUAL_ENV_PROMPT
02:57:40  + [ ! nondestructive = nondestructive ]
02:57:40  + uname
02:57:40  + export VIRTUAL_ENV=/var/jenkins_home/workspace/aceest-fitness-pipeline/venv
02:57:40  + _OLD_VIRTUAL_PATH=/opt/java/openjdk/bin:/usr/local/sbin:/usr/local/bin:/usr/sbin:/usr/bin:/sbin:/bin
02:57:40  + PATH=/var/jenkins_home/workspace/aceest-fitness-pipeline/venv/bin:/opt/java/openjdk/bin:/usr/local/sbin:/usr/local/bin:/usr/sbin:/usr/bin:/sbin:/bin
02:57:40  + export PATH
02:57:40  + VIRTUAL_ENV_PROMPT=venv
02:57:40  + export VIRTUAL_ENV_PROMPT
02:57:40  + [ -n  ]
02:57:40  + [ -z  ]
02:57:40  + _OLD_VIRTUAL_PS1=$ 
02:57:40  + PS1=(venv) $ 
02:57:40  + export PS1
02:57:40  + hash -r
02:57:40  + python -m pip install -r requirements.txt
02:57:40  Requirement already satisfied: blinker==1.9.0 in ./venv/lib/python3.13/site-packages (from -r requirements.txt (line 1)) (1.9.0)
02:57:40  Requirement already satisfied: click==8.3.1 in ./venv/lib/python3.13/site-packages (from -r requirements.txt (line 2)) (8.3.1)
02:57:40  Requirement already satisfied: colorama==0.4.6 in ./venv/lib/python3.13/site-packages (from -r requirements.txt (line 3)) (0.4.6)
02:57:40  Requirement already satisfied: iniconfig==2.3.0 in ./venv/lib/python3.13/site-packages (from -r requirements.txt (line 4)) (2.3.0)
02:57:40  Requirement already satisfied: itsdangerous==2.2.0 in ./venv/lib/python3.13/site-packages (from -r requirements.txt (line 5)) (2.2.0)
02:57:40  Requirement already satisfied: Jinja2==3.1.6 in ./venv/lib/python3.13/site-packages (from -r requirements.txt (line 6)) (3.1.6)
02:57:40  Requirement already satisfied: MarkupSafe==3.0.3 in ./venv/lib/python3.13/site-packages (from -r requirements.txt (line 7)) (3.0.3)
02:57:40  Requirement already satisfied: packaging==26.0 in ./venv/lib/python3.13/site-packages (from -r requirements.txt (line 8)) (26.0)
02:57:40  Requirement already satisfied: pluggy==1.6.0 in ./venv/lib/python3.13/site-packages (from -r requirements.txt (line 9)) (1.6.0)
02:57:40  Requirement already satisfied: Pygments==2.19.2 in ./venv/lib/python3.13/site-packages (from -r requirements.txt (line 10)) (2.19.2)
02:57:40  Requirement already satisfied: pytest==9.0.2 in ./venv/lib/python3.13/site-packages (from -r requirements.txt (line 11)) (9.0.2)
02:57:40  Requirement already satisfied: Werkzeug==3.1.6 in ./venv/lib/python3.13/site-packages (from -r requirements.txt (line 12)) (3.1.6)
02:57:40  Requirement already satisfied: Flask==3.1.3 in ./venv/lib/python3.13/site-packages (from -r requirements.txt (line 13)) (3.1.3)
02:57:40  Requirement already satisfied: Flask-SQLAlchemy==3.1.1 in ./venv/lib/python3.13/site-packages (from -r requirements.txt (line 14)) (3.1.1)
02:57:40  Requirement already satisfied: Flask-Login==0.6.3 in ./venv/lib/python3.13/site-packages (from -r requirements.txt (line 15)) (0.6.3)
02:57:40  Requirement already satisfied: Flask-Admin==2.0.2 in ./venv/lib/python3.13/site-packages (from -r requirements.txt (line 16)) (2.0.2)
02:57:40  Requirement already satisfied: sqlalchemy>=2.0.16 in ./venv/lib/python3.13/site-packages (from Flask-SQLAlchemy==3.1.1->-r requirements.txt (line 14)) (2.0.48)
02:57:40  Requirement already satisfied: wtforms>=2.3 in ./venv/lib/python3.13/site-packages (from Flask-Admin==2.0.2->-r requirements.txt (line 16)) (3.2.1)
02:57:40  Requirement already satisfied: greenlet>=1 in ./venv/lib/python3.13/site-packages (from sqlalchemy>=2.0.16->Flask-SQLAlchemy==3.1.1->-r requirements.txt (line 14)) (3.3.2)
02:57:40  Requirement already satisfied: typing-extensions>=4.6.0 in ./venv/lib/python3.13/site-packages (from sqlalchemy>=2.0.16->Flask-SQLAlchemy==3.1.1->-r requirements.txt (line 14)) (4.15.0)
[Pipeline] }
[Pipeline] // stage
[Pipeline] stage
[Pipeline] { (Run Tests)
[Pipeline] sh
02:57:40  + . venv/bin/activate
02:57:40  + deactivate nondestructive
02:57:40  + [ -n  ]
02:57:40  + [ -n  ]
02:57:40  + hash -r
02:57:40  + [ -n  ]
02:57:40  + unset VIRTUAL_ENV
02:57:40  + unset VIRTUAL_ENV_PROMPT
02:57:40  + [ ! nondestructive = nondestructive ]
02:57:40  + uname
02:57:40  + export VIRTUAL_ENV=/var/jenkins_home/workspace/aceest-fitness-pipeline/venv
02:57:40  + _OLD_VIRTUAL_PATH=/opt/java/openjdk/bin:/usr/local/sbin:/usr/local/bin:/usr/sbin:/usr/bin:/sbin:/bin
02:57:40  + PATH=/var/jenkins_home/workspace/aceest-fitness-pipeline/venv/bin:/opt/java/openjdk/bin:/usr/local/sbin:/usr/local/bin:/usr/sbin:/usr/bin:/sbin:/bin
02:57:40  + export PATH
02:57:40  + VIRTUAL_ENV_PROMPT=venv
02:57:40  + export VIRTUAL_ENV_PROMPT
02:57:40  + [ -n  ]
02:57:40  + [ -z  ]
02:57:40  + _OLD_VIRTUAL_PS1=$ 
02:57:40  + PS1=(venv) $ 
02:57:40  + export PS1
02:57:40  + hash -r
02:57:40  + pytest -q
02:57:42  .......                                                                  [100%]
02:57:42  7 passed in 1.58s
[Pipeline] }
[Pipeline] // stage
[Pipeline] stage
[Pipeline] { (Docker Build)
[Pipeline] sh
02:57:43  + docker build -t aceest-fitness:5 .
02:57:43  #0 building with "default" instance using docker driver
02:57:43  
02:57:43  #1 [internal] load build definition from Dockerfile
02:57:43  #1 transferring dockerfile: 195B done
02:57:43  #1 DONE 0.0s
02:57:43  
02:57:43  #2 [internal] load metadata for docker.io/library/python:3.10
02:57:46  #2 DONE 3.2s
02:57:46  
02:57:46  #3 [internal] load .dockerignore
02:57:46  #3 transferring context: 2B done
02:57:46  #3 DONE 0.0s
02:57:46  
02:57:46  #4 [1/5] FROM docker.io/library/python:3.10@sha256:a5ef46a93e429aa07466f536c25962f3c157c0db77f5b9691d1a04a832cd62f4
02:57:46  #4 resolve docker.io/library/python:3.10@sha256:a5ef46a93e429aa07466f536c25962f3c157c0db77f5b9691d1a04a832cd62f4 0.0s done
02:57:46  #4 sha256:0ff77f49313ec30676b95719e46096785d7a21ea6d51b1505feabf0d949637b5 0B / 249B 0.2s
02:57:46  #4 sha256:33ea0080b6c358aefb01145a42f122919c39c42c92c4b631c1f4c8cf7b4db338 0B / 21.15MB 0.2s
02:57:46  #4 sha256:de021639174a3913fde86456840352f8d37acd8658e84b9ae05603537b815d80 0B / 6.08MB 0.2s
02:57:46  #4 sha256:8688d0f2f567884eb217c6f80efa063bdb13a1951e92e6c5cac1ae5b736f5e1b 0B / 236.08MB 0.2s
02:57:47  #4 sha256:0ff77f49313ec30676b95719e46096785d7a21ea6d51b1505feabf0d949637b5 249B / 249B 0.7s done
02:57:47  #4 sha256:ee3a0e7d77f0c84203cab438fcf345647c8121bbd80506a3c692f8608a14c4f4 0B / 67.78MB 0.2s
02:57:47  #4 sha256:33ea0080b6c358aefb01145a42f122919c39c42c92c4b631c1f4c8cf7b4db338 2.10MB / 21.15MB 1.2s
02:57:47  #4 sha256:33ea0080b6c358aefb01145a42f122919c39c42c92c4b631c1f4c8cf7b4db338 4.19MB / 21.15MB 1.4s
02:57:48  #4 sha256:33ea0080b6c358aefb01145a42f122919c39c42c92c4b631c1f4c8cf7b4db338 7.34MB / 21.15MB 1.5s
02:57:48  #4 sha256:de021639174a3913fde86456840352f8d37acd8658e84b9ae05603537b815d80 1.05MB / 6.08MB 1.5s
02:57:48  #4 sha256:33ea0080b6c358aefb01145a42f122919c39c42c92c4b631c1f4c8cf7b4db338 10.49MB / 21.15MB 1.7s
02:57:48  #4 sha256:33ea0080b6c358aefb01145a42f122919c39c42c92c4b631c1f4c8cf7b4db338 12.58MB / 21.15MB 2.0s
02:57:48  #4 sha256:de021639174a3913fde86456840352f8d37acd8658e84b9ae05603537b815d80 2.10MB / 6.08MB 1.8s
02:57:49  #4 sha256:de021639174a3913fde86456840352f8d37acd8658e84b9ae05603537b815d80 3.15MB / 6.08MB 2.3s
02:57:49  #4 sha256:33ea0080b6c358aefb01145a42f122919c39c42c92c4b631c1f4c8cf7b4db338 14.68MB / 21.15MB 2.4s
02:57:49  #4 sha256:de021639174a3913fde86456840352f8d37acd8658e84b9ae05603537b815d80 4.19MB / 6.08MB 2.6s
02:57:49  #4 sha256:de021639174a3913fde86456840352f8d37acd8658e84b9ae05603537b815d80 5.24MB / 6.08MB 2.9s
02:57:49  #4 sha256:33ea0080b6c358aefb01145a42f122919c39c42c92c4b631c1f4c8cf7b4db338 16.78MB / 21.15MB 3.0s
02:57:49  #4 sha256:de021639174a3913fde86456840352f8d37acd8658e84b9ae05603537b815d80 6.08MB / 6.08MB 3.1s done
02:57:50  #4 sha256:33ea0080b6c358aefb01145a42f122919c39c42c92c4b631c1f4c8cf7b4db338 18.87MB / 21.15MB 3.3s
02:57:50  #4 sha256:b012eb15dff0bce418c03ec940325aee6aa4300d771c325728855697e620c63a 0B / 25.62MB 0.2s
02:57:50  #4 sha256:33ea0080b6c358aefb01145a42f122919c39c42c92c4b631c1f4c8cf7b4db338 21.15MB / 21.15MB 3.6s done
02:57:50  #4 sha256:8f6ad858d0a46fa8ee628532c70b8dc82d06179d543b0b09ec19fc03d4c5b373 0B / 49.30MB 0.2s
02:57:50  #4 sha256:8688d0f2f567884eb217c6f80efa063bdb13a1951e92e6c5cac1ae5b736f5e1b 12.58MB / 236.08MB 4.1s
02:57:50  #4 sha256:ee3a0e7d77f0c84203cab438fcf345647c8121bbd80506a3c692f8608a14c4f4 4.19MB / 67.78MB 3.6s
02:57:51  #4 sha256:b012eb15dff0bce418c03ec940325aee6aa4300d771c325728855697e620c63a 2.10MB / 25.62MB 1.5s
02:57:51  #4 ...
02:57:51  
02:57:51  #5 [internal] load build context
02:57:51  #5 transferring context: 87.72MB 5.3s done
02:57:51  #5 DONE 5.3s
02:57:51  
02:57:51  #4 [1/5] FROM docker.io/library/python:3.10@sha256:a5ef46a93e429aa07466f536c25962f3c157c0db77f5b9691d1a04a832cd62f4
02:57:52  #4 sha256:b012eb15dff0bce418c03ec940325aee6aa4300d771c325728855697e620c63a 4.19MB / 25.62MB 2.7s
02:57:52  #4 sha256:8f6ad858d0a46fa8ee628532c70b8dc82d06179d543b0b09ec19fc03d4c5b373 3.15MB / 49.30MB 2.1s
02:57:53  #4 sha256:ee3a0e7d77f0c84203cab438fcf345647c8121bbd80506a3c692f8608a14c4f4 8.39MB / 67.78MB 5.6s
02:57:53  #4 sha256:8f6ad858d0a46fa8ee628532c70b8dc82d06179d543b0b09ec19fc03d4c5b373 6.29MB / 49.30MB 2.7s
02:57:53  #4 sha256:8688d0f2f567884eb217c6f80efa063bdb13a1951e92e6c5cac1ae5b736f5e1b 25.17MB / 236.08MB 6.5s
02:57:53  #4 sha256:8f6ad858d0a46fa8ee628532c70b8dc82d06179d543b0b09ec19fc03d4c5b373 9.44MB / 49.30MB 3.3s
02:57:54  #4 sha256:b012eb15dff0bce418c03ec940325aee6aa4300d771c325728855697e620c63a 6.29MB / 25.62MB 4.4s
02:57:54  #4 sha256:8f6ad858d0a46fa8ee628532c70b8dc82d06179d543b0b09ec19fc03d4c5b373 12.58MB / 49.30MB 3.9s
02:57:54  #4 sha256:ee3a0e7d77f0c84203cab438fcf345647c8121bbd80506a3c692f8608a14c4f4 12.58MB / 67.78MB 7.5s
02:57:54  #4 sha256:8f6ad858d0a46fa8ee628532c70b8dc82d06179d543b0b09ec19fc03d4c5b373 15.73MB / 49.30MB 4.5s
02:57:55  #4 sha256:b012eb15dff0bce418c03ec940325aee6aa4300d771c325728855697e620c63a 8.39MB / 25.62MB 5.4s
02:57:55  #4 sha256:8f6ad858d0a46fa8ee628532c70b8dc82d06179d543b0b09ec19fc03d4c5b373 18.87MB / 49.30MB 5.1s
02:57:55  #4 sha256:8f6ad858d0a46fa8ee628532c70b8dc82d06179d543b0b09ec19fc03d4c5b373 22.02MB / 49.30MB 5.7s
02:57:56  #4 sha256:b012eb15dff0bce418c03ec940325aee6aa4300d771c325728855697e620c63a 10.49MB / 25.62MB 6.6s
02:57:56  #4 sha256:8f6ad858d0a46fa8ee628532c70b8dc82d06179d543b0b09ec19fc03d4c5b373 25.17MB / 49.30MB 6.5s
02:57:57  #4 sha256:8688d0f2f567884eb217c6f80efa063bdb13a1951e92e6c5cac1ae5b736f5e1b 37.75MB / 236.08MB 10.2s
02:57:57  #4 sha256:ee3a0e7d77f0c84203cab438fcf345647c8121bbd80506a3c692f8608a14c4f4 16.78MB / 67.78MB 9.6s
02:57:57  #4 sha256:b012eb15dff0bce418c03ec940325aee6aa4300d771c325728855697e620c63a 12.58MB / 25.62MB 7.8s
02:57:57  #4 sha256:8f6ad858d0a46fa8ee628532c70b8dc82d06179d543b0b09ec19fc03d4c5b373 28.31MB / 49.30MB 7.2s
02:57:58  #4 sha256:8f6ad858d0a46fa8ee628532c70b8dc82d06179d543b0b09ec19fc03d4c5b373 31.46MB / 49.30MB 7.8s
02:57:58  #4 sha256:ee3a0e7d77f0c84203cab438fcf345647c8121bbd80506a3c692f8608a14c4f4 20.97MB / 67.78MB 11.3s
02:57:59  #4 sha256:8f6ad858d0a46fa8ee628532c70b8dc82d06179d543b0b09ec19fc03d4c5b373 34.60MB / 49.30MB 8.7s
02:57:59  #4 sha256:ee3a0e7d77f0c84203cab438fcf345647c8121bbd80506a3c692f8608a14c4f4 25.17MB / 67.78MB 12.0s
02:57:59  #4 sha256:b012eb15dff0bce418c03ec940325aee6aa4300d771c325728855697e620c63a 14.68MB / 25.62MB 9.6s
02:58:00  #4 sha256:ee3a0e7d77f0c84203cab438fcf345647c8121bbd80506a3c692f8608a14c4f4 29.36MB / 67.78MB 12.6s
02:58:00  #4 sha256:8f6ad858d0a46fa8ee628532c70b8dc82d06179d543b0b09ec19fc03d4c5b373 37.75MB / 49.30MB 9.9s
02:58:00  #4 sha256:ee3a0e7d77f0c84203cab438fcf345647c8121bbd80506a3c692f8608a14c4f4 33.55MB / 67.78MB 13.3s
02:58:01  #4 sha256:b012eb15dff0bce418c03ec940325aee6aa4300d771c325728855697e620c63a 16.78MB / 25.62MB 11.2s
02:58:01  #4 sha256:8688d0f2f567884eb217c6f80efa063bdb13a1951e92e6c5cac1ae5b736f5e1b 50.33MB / 236.08MB 14.5s
02:58:01  #4 sha256:8f6ad858d0a46fa8ee628532c70b8dc82d06179d543b0b09ec19fc03d4c5b373 40.89MB / 49.30MB 10.9s
02:58:01  #4 sha256:ee3a0e7d77f0c84203cab438fcf345647c8121bbd80506a3c692f8608a14c4f4 37.75MB / 67.78MB 14.2s
02:58:02  #4 sha256:b012eb15dff0bce418c03ec940325aee6aa4300d771c325728855697e620c63a 18.87MB / 25.62MB 12.4s
02:58:02  #4 sha256:ee3a0e7d77f0c84203cab438fcf345647c8121bbd80506a3c692f8608a14c4f4 41.94MB / 67.78MB 15.1s
02:58:02  #4 sha256:8f6ad858d0a46fa8ee628532c70b8dc82d06179d543b0b09ec19fc03d4c5b373 44.04MB / 49.30MB 12.1s
02:58:03  #4 sha256:b012eb15dff0bce418c03ec940325aee6aa4300d771c325728855697e620c63a 20.97MB / 25.62MB 13.5s
02:58:03  #4 sha256:ee3a0e7d77f0c84203cab438fcf345647c8121bbd80506a3c692f8608a14c4f4 46.14MB / 67.78MB 16.0s
02:58:03  #4 sha256:8f6ad858d0a46fa8ee628532c70b8dc82d06179d543b0b09ec19fc03d4c5b373 47.19MB / 49.30MB 13.2s
02:58:04  #4 sha256:8f6ad858d0a46fa8ee628532c70b8dc82d06179d543b0b09ec19fc03d4c5b373 49.30MB / 49.30MB 14.0s done
02:58:04  #4 extracting sha256:8f6ad858d0a46fa8ee628532c70b8dc82d06179d543b0b09ec19fc03d4c5b373
02:58:04  #4 sha256:ee3a0e7d77f0c84203cab438fcf345647c8121bbd80506a3c692f8608a14c4f4 50.33MB / 67.78MB 17.1s
02:58:04  #4 sha256:b012eb15dff0bce418c03ec940325aee6aa4300d771c325728855697e620c63a 23.07MB / 25.62MB 14.8s
02:58:04  #4 sha256:8688d0f2f567884eb217c6f80efa063bdb13a1951e92e6c5cac1ae5b736f5e1b 62.91MB / 236.08MB 18.1s
02:58:04  #4 extracting sha256:8f6ad858d0a46fa8ee628532c70b8dc82d06179d543b0b09ec19fc03d4c5b373 0.6s done
02:58:05  #4 sha256:b012eb15dff0bce418c03ec940325aee6aa4300d771c325728855697e620c63a 25.17MB / 25.62MB 15.6s
02:58:05  #4 sha256:b012eb15dff0bce418c03ec940325aee6aa4300d771c325728855697e620c63a 25.62MB / 25.62MB 15.8s done
02:58:05  #4 extracting sha256:b012eb15dff0bce418c03ec940325aee6aa4300d771c325728855697e620c63a
02:58:05  #4 sha256:ee3a0e7d77f0c84203cab438fcf345647c8121bbd80506a3c692f8608a14c4f4 54.53MB / 67.78MB 18.4s
02:58:05  #4 extracting sha256:b012eb15dff0bce418c03ec940325aee6aa4300d771c325728855697e620c63a 0.3s done
02:58:06  #4 sha256:ee3a0e7d77f0c84203cab438fcf345647c8121bbd80506a3c692f8608a14c4f4 58.72MB / 67.78MB 19.0s
02:58:06  #4 sha256:8688d0f2f567884eb217c6f80efa063bdb13a1951e92e6c5cac1ae5b736f5e1b 75.50MB / 236.08MB 19.9s
02:58:07  #4 sha256:ee3a0e7d77f0c84203cab438fcf345647c8121bbd80506a3c692f8608a14c4f4 62.91MB / 67.78MB 20.1s
02:58:08  #4 sha256:8688d0f2f567884eb217c6f80efa063bdb13a1951e92e6c5cac1ae5b736f5e1b 88.08MB / 236.08MB 21.6s
02:58:08  #4 sha256:ee3a0e7d77f0c84203cab438fcf345647c8121bbd80506a3c692f8608a14c4f4 67.11MB / 67.78MB 20.8s
02:58:08  #4 sha256:ee3a0e7d77f0c84203cab438fcf345647c8121bbd80506a3c692f8608a14c4f4 67.78MB / 67.78MB 21.0s done
02:58:08  #4 extracting sha256:ee3a0e7d77f0c84203cab438fcf345647c8121bbd80506a3c692f8608a14c4f4
02:58:09  #4 sha256:8688d0f2f567884eb217c6f80efa063bdb13a1951e92e6c5cac1ae5b736f5e1b 100.66MB / 236.08MB 22.6s
02:58:09  #4 extracting sha256:ee3a0e7d77f0c84203cab438fcf345647c8121bbd80506a3c692f8608a14c4f4 0.9s done
02:58:10  #4 sha256:8688d0f2f567884eb217c6f80efa063bdb13a1951e92e6c5cac1ae5b736f5e1b 113.25MB / 236.08MB 23.7s
02:58:11  #4 sha256:8688d0f2f567884eb217c6f80efa063bdb13a1951e92e6c5cac1ae5b736f5e1b 125.83MB / 236.08MB 24.7s
02:58:12  #4 sha256:8688d0f2f567884eb217c6f80efa063bdb13a1951e92e6c5cac1ae5b736f5e1b 138.41MB / 236.08MB 25.8s
02:58:13  #4 sha256:8688d0f2f567884eb217c6f80efa063bdb13a1951e92e6c5cac1ae5b736f5e1b 152.04MB / 236.08MB 26.8s
02:58:14  #4 sha256:8688d0f2f567884eb217c6f80efa063bdb13a1951e92e6c5cac1ae5b736f5e1b 164.63MB / 236.08MB 27.9s
02:58:15  #4 sha256:8688d0f2f567884eb217c6f80efa063bdb13a1951e92e6c5cac1ae5b736f5e1b 177.21MB / 236.08MB 28.9s
02:58:16  #4 sha256:8688d0f2f567884eb217c6f80efa063bdb13a1951e92e6c5cac1ae5b736f5e1b 189.79MB / 236.08MB 30.0s
02:58:17  #4 sha256:8688d0f2f567884eb217c6f80efa063bdb13a1951e92e6c5cac1ae5b736f5e1b 203.42MB / 236.08MB 31.0s
02:58:19  #4 sha256:8688d0f2f567884eb217c6f80efa063bdb13a1951e92e6c5cac1ae5b736f5e1b 216.01MB / 236.08MB 32.2s
02:58:19  #4 sha256:8688d0f2f567884eb217c6f80efa063bdb13a1951e92e6c5cac1ae5b736f5e1b 228.59MB / 236.08MB 33.1s
02:58:20  #4 sha256:8688d0f2f567884eb217c6f80efa063bdb13a1951e92e6c5cac1ae5b736f5e1b 236.08MB / 236.08MB 33.9s done
02:58:20  #4 extracting sha256:8688d0f2f567884eb217c6f80efa063bdb13a1951e92e6c5cac1ae5b736f5e1b
02:58:23  #4 extracting sha256:8688d0f2f567884eb217c6f80efa063bdb13a1951e92e6c5cac1ae5b736f5e1b 2.5s done
02:58:23  #4 DONE 36.6s
02:58:23  
02:58:23  #4 [1/5] FROM docker.io/library/python:3.10@sha256:a5ef46a93e429aa07466f536c25962f3c157c0db77f5b9691d1a04a832cd62f4
02:58:23  #4 extracting sha256:de021639174a3913fde86456840352f8d37acd8658e84b9ae05603537b815d80 0.1s done
02:58:23  #4 extracting sha256:33ea0080b6c358aefb01145a42f122919c39c42c92c4b631c1f4c8cf7b4db338
02:58:23  #4 extracting sha256:33ea0080b6c358aefb01145a42f122919c39c42c92c4b631c1f4c8cf7b4db338 0.3s done
02:58:23  #4 DONE 37.0s
02:58:23  
02:58:23  #4 [1/5] FROM docker.io/library/python:3.10@sha256:a5ef46a93e429aa07466f536c25962f3c157c0db77f5b9691d1a04a832cd62f4
02:58:23  #4 extracting sha256:0ff77f49313ec30676b95719e46096785d7a21ea6d51b1505feabf0d949637b5 0.0s done
02:58:23  #4 DONE 37.0s
02:58:23  
02:58:23  #6 [2/5] WORKDIR /app
02:58:24  #6 DONE 0.6s
02:58:24  
02:58:24  #7 [3/5] COPY requirements.txt .
02:58:24  #7 DONE 0.0s
02:58:24  
02:58:24  #8 [4/5] RUN pip install --no-cache-dir -r requirements.txt
02:58:26  #8 1.790 Collecting blinker==1.9.0
02:58:26  #8 2.167   Downloading blinker-1.9.0-py3-none-any.whl (8.5 kB)
02:58:26  #8 2.219 Collecting click==8.3.1
02:58:26  #8 2.374   Downloading click-8.3.1-py3-none-any.whl (108 kB)
02:58:26  #8 2.558      ━━━━━━━━━━━━━━━━━━━━━━━━━━━━━━━━━━━━━ 108.3/108.3 kB 547.2 kB/s eta 0:00:00
02:58:26  #8 2.603 Collecting colorama==0.4.6
02:58:26  #8 2.684   Downloading colorama-0.4.6-py2.py3-none-any.whl (25 kB)
02:58:26  #8 2.718 Collecting iniconfig==2.3.0
02:58:27  #8 2.887   Downloading iniconfig-2.3.0-py3-none-any.whl (7.5 kB)
02:58:27  #8 2.923 Collecting itsdangerous==2.2.0
02:58:27  #8 3.091   Downloading itsdangerous-2.2.0-py3-none-any.whl (16 kB)
02:58:27  #8 3.144 Collecting Jinja2==3.1.6
02:58:27  #8 3.297   Downloading jinja2-3.1.6-py3-none-any.whl (134 kB)
02:58:27  #8 3.663      ━━━━━━━━━━━━━━━━━━━━━━━━━━━━━━━━━━━━━ 134.9/134.9 kB 346.5 kB/s eta 0:00:00
02:58:27  #8 3.811 Collecting MarkupSafe==3.0.3
02:58:27  #8 3.862   Downloading markupsafe-3.0.3-cp310-cp310-manylinux2014_x86_64.manylinux_2_17_x86_64.manylinux_2_28_x86_64.whl (20 kB)
02:58:27  #8 3.917 Collecting packaging==26.0
02:58:28  #8 3.970   Downloading packaging-26.0-py3-none-any.whl (74 kB)
02:58:28  #8 3.996      ━━━━━━━━━━━━━━━━━━━━━━━━━━━━━━━━━━━━━━━━ 74.4/74.4 kB 3.1 MB/s eta 0:00:00
02:58:28  #8 4.026 Collecting pluggy==1.6.0
02:58:28  #8 4.075   Downloading pluggy-1.6.0-py3-none-any.whl (20 kB)
02:58:28  #8 4.124 Collecting Pygments==2.19.2
02:58:28  #8 4.175   Downloading pygments-2.19.2-py3-none-any.whl (1.2 MB)
02:58:28  #8 4.530      ━━━━━━━━━━━━━━━━━━━━━━━━━━━━━━━━━━━━━━━━ 1.2/1.2 MB 3.5 MB/s eta 0:00:00
02:58:28  #8 4.606 Collecting pytest==9.0.2
02:58:28  #8 4.656   Downloading pytest-9.0.2-py3-none-any.whl (374 kB)
02:58:28  #8 4.758      ━━━━━━━━━━━━━━━━━━━━━━━━━━━━━━━━━━━━━━━ 374.8/374.8 kB 3.8 MB/s eta 0:00:00
02:58:28  #8 4.806 Collecting Werkzeug==3.1.6
02:58:28  #8 4.858   Downloading werkzeug-3.1.6-py3-none-any.whl (225 kB)
02:58:29  #8 4.917      ━━━━━━━━━━━━━━━━━━━━━━━━━━━━━━━━━━━━━━━ 225.2/225.2 kB 3.9 MB/s eta 0:00:00
02:58:29  #8 4.953 Collecting Flask==3.1.3
02:58:29  #8 5.002   Downloading flask-3.1.3-py3-none-any.whl (103 kB)
02:58:29  #8 5.024      ━━━━━━━━━━━━━━━━━━━━━━━━━━━━━━━━━━━━━━━ 103.4/103.4 kB 5.4 MB/s eta 0:00:00
02:58:29  #8 5.052 Collecting Flask-SQLAlchemy==3.1.1
02:58:29  #8 5.103   Downloading flask_sqlalchemy-3.1.1-py3-none-any.whl (25 kB)
02:58:29  #8 5.136 Collecting Flask-Login==0.6.3
02:58:29  #8 5.188   Downloading Flask_Login-0.6.3-py3-none-any.whl (17 kB)
02:58:29  #8 5.222 Collecting Flask-Admin==2.0.2
02:58:29  #8 5.274   Downloading flask_admin-2.0.2-py3-none-any.whl (6.5 MB)
02:58:31  #8 6.853      ━━━━━━━━━━━━━━━━━━━━━━━━━━━━━━━━━━━━━━━━ 6.5/6.5 MB 4.1 MB/s eta 0:00:00
02:58:31  #8 6.953 Collecting tomli>=1
02:58:31  #8 7.003   Downloading tomli-2.4.1-py3-none-any.whl (14 kB)
02:58:31  #8 7.039 Collecting exceptiongroup>=1
02:58:31  #8 7.089   Downloading exceptiongroup-1.3.1-py3-none-any.whl (16 kB)
02:58:31  #8 7.855 Collecting sqlalchemy>=2.0.16
02:58:32  #8 7.908   Downloading sqlalchemy-2.0.48-cp310-cp310-manylinux2014_x86_64.manylinux_2_17_x86_64.manylinux_2_28_x86_64.whl (3.2 MB)
02:58:32  #8 8.637      ━━━━━━━━━━━━━━━━━━━━━━━━━━━━━━━━━━━━━━━━ 3.2/3.2 MB 4.5 MB/s eta 0:00:00
02:58:32  #8 8.716 Collecting typing_extensions
02:58:32  #8 8.765   Downloading typing_extensions-4.15.0-py3-none-any.whl (44 kB)
02:58:32  #8 8.775      ━━━━━━━━━━━━━━━━━━━━━━━━━━━━━━━━━━━━━━━━ 44.6/44.6 kB 8.2 MB/s eta 0:00:00
02:58:32  #8 8.812 Collecting wtforms>=2.3
02:58:32  #8 8.863   Downloading wtforms-3.2.1-py3-none-any.whl (152 kB)
02:58:32  #8 8.891      ━━━━━━━━━━━━━━━━━━━━━━━━━━━━━━━━━━━━━━━ 152.5/152.5 kB 6.1 MB/s eta 0:00:00
02:58:33  #8 9.275 Collecting greenlet>=1
02:58:33  #8 9.329   Downloading greenlet-3.3.2-cp310-cp310-manylinux_2_24_x86_64.manylinux_2_28_x86_64.whl (591 kB)
02:58:33  #8 9.458      ━━━━━━━━━━━━━━━━━━━━━━━━━━━━━━━━━━━━━━━ 591.7/591.7 kB 4.6 MB/s eta 0:00:00
02:58:33  #8 9.620 Installing collected packages: typing_extensions, tomli, Pygments, pluggy, packaging, MarkupSafe, itsdangerous, iniconfig, greenlet, colorama, click, blinker, wtforms, Werkzeug, sqlalchemy, Jinja2, exceptiongroup, pytest, Flask, Flask-SQLAlchemy, Flask-Login, Flask-Admin
02:58:36  #8 12.35 Successfully installed Flask-3.1.3 Flask-Admin-2.0.2 Flask-Login-0.6.3 Flask-SQLAlchemy-3.1.1 Jinja2-3.1.6 MarkupSafe-3.0.3 Pygments-2.19.2 Werkzeug-3.1.6 blinker-1.9.0 click-8.3.1 colorama-0.4.6 exceptiongroup-1.3.1 greenlet-3.3.2 iniconfig-2.3.0 itsdangerous-2.2.0 packaging-26.0 pluggy-1.6.0 pytest-9.0.2 sqlalchemy-2.0.48 tomli-2.4.1 typing_extensions-4.15.0 wtforms-3.2.1
02:58:36  #8 12.35 WARNING: Running pip as the 'root' user can result in broken permissions and conflicting behaviour with the system package manager. It is recommended to use a virtual environment instead: https://pip.pypa.io/warnings/venv
02:58:36  #8 12.47 
02:58:36  #8 12.47 [notice] A new release of pip is available: 23.0.1 -> 26.0.1
02:58:36  #8 12.47 [notice] To update, run: pip install --upgrade pip
02:58:36  #8 DONE 12.7s
02:58:36  
02:58:36  #9 [5/5] COPY . .
02:58:37  #9 DONE 0.7s
02:58:37  
02:58:37  #10 exporting to image
02:58:37  #10 exporting layers
02:58:39  #10 exporting layers 2.1s done
02:58:39  #10 exporting manifest sha256:d3ff12f2f186c9cd0ac39a90afcdee5e0e22fb5a80dcb1a93bb5c16a4ad11e32 0.0s done
02:58:39  #10 exporting config sha256:1b4a60e8908d181803717f6f2275034f0cd7b6f4afca9879a2e2b3dfacbcb405 0.0s done
02:58:39  #10 exporting attestation manifest sha256:c5b3c4d4eee8ce9d7954407ed51bf1e297d5d6e28140bcd3a8981a5aa63bfb6d 0.0s done
02:58:39  #10 exporting manifest list sha256:3f7df3cb7047dc2b2f8aadfdc531d5b8cbf21b8d59404d717dbdb37d876fe84d 0.0s done
02:58:39  #10 naming to docker.io/library/aceest-fitness:5 done
02:58:39  #10 unpacking to docker.io/library/aceest-fitness:5
02:58:40  #10 unpacking to docker.io/library/aceest-fitness:5 1.1s done
02:58:40  #10 DONE 3.3s
[Pipeline] }
[Pipeline] // stage
[Pipeline] stage
[Pipeline] { (Declarative: Post Actions)
[Pipeline] echo
02:58:41  Pipeline passed
[Pipeline] }
[Pipeline] // stage
[Pipeline] }
[Pipeline] // timestamps
[Pipeline] }
[Pipeline] // withEnv
[Pipeline] }
[Pipeline] // node
[Pipeline] End of Pipeline
Finished: SUCCESS
